<?xml version="1.0" encoding="UTF-8"?>
<!-- Generated by org.testng.reporters.JUnitReportReporter -->
<testsuite skipped="0" hostname="DESKTOP-QMHOFE8" name="qaclickacdemy.Test1" tests="1" failures="0" timestamp="2022-03-23T19:45:12 IST" time="0.009" errors="0">
  <testcase name="a" time="0.009" classname="qaclickacdemy.Test1"/>
  <system-out/>
</testsuite> <!-- qaclickacdemy.Test1 -->
