<?xml version="1.0" encoding="UTF-8"?>
<!-- Generated by org.testng.reporters.JUnitReportReporter -->
<testsuite skipped="0" hostname="DESKTOP-QMHOFE8" name="qaclickacdemy.Test2" tests="2" failures="0" timestamp="2022-03-23T19:45:12 IST" time="0.002" errors="0">
  <testcase name="d" time="0.001" classname="qaclickacdemy.Test2"/>
  <system-out/>
  <testcase name="b" time="0.001" classname="qaclickacdemy.Test2"/>
  <system-out/>
</testsuite> <!-- qaclickacdemy.Test2 -->
