<?xml version="1.0" encoding="UTF-8"?>
<!-- Generated by org.testng.reporters.JUnitReportReporter -->
<testsuite skipped="0" hostname="DESKTOP-QMHOFE8" name="qaclickacdemy.Test2" tests="2" failures="0" timestamp="25 Mar 2022 06:08:16 GMT" time="0.008" errors="0">
  <testcase name="d" time="0.008" classname="qaclickacdemy.Test2"/>
  <testcase name="b" time="0.000" classname="qaclickacdemy.Test2"/>
</testsuite> <!-- qaclickacdemy.Test2 -->
