<?xml version="1.0" encoding="UTF-8"?>
<!-- Generated by org.testng.reporters.JUnitReportReporter -->
<testsuite skipped="0" hostname="DESKTOP-QMHOFE8" name="qaclickacdemy.Test1" tests="1" failures="0" timestamp="25 Mar 2022 06:08:16 GMT" time="0.000" errors="0">
  <testcase name="a" time="0.000" classname="qaclickacdemy.Test1"/>
</testsuite> <!-- qaclickacdemy.Test1 -->
